<?xml version="1.0" encoding="UTF-8"?>
<robot generator="Robot 4.0.3 (Python 3.9.5 on win32)" generated="20211116 22:01:30.319" rpa="false" schemaversion="2">
<suite id="s1" name="Web" source="C:\Robot_Framework\Carrinho_Magazineluiza\tests\Web.robot">
<test id="s1-t1" name="Search">
<kw name="Begin Web Test" library="Common" type="SETUP">
<kw name="New Browser" library="Browser">
<arg>${BROWSER_FIREFOX}</arg>
<arg>headless=false</arg>
<tag>BrowserControl</tag>
<tag>Setter</tag>
<doc>Create a new playwright Browser with specified options.
See `Browser, Context and Page` for more information about Browser and related concepts.</doc>
<msg timestamp="20211116 22:01:31.450" level="INFO">{"browser": "firefox", "headless": false, "handleSIGINT": true, "handleSIGTERM": true, "handleSIGHUP": true, "timeout": 30000.0, "devtools": false, "slowMo": 0.0, "tracesDir": "C:\\Robot_Framework\\Carrinho_Magazineluiza\\results\\browser\\traces\\6a671126-07af-4408-96e9-80f7f1f531f7"}</msg>
<msg timestamp="20211116 22:01:34.621" level="INFO">Successfully created browser with options: {"browser":"firefox","headless":false,"handleSIGINT":true,"handleSIGTERM":true,"handleSIGHUP":true,"timeout":30000,"devtools":false,"slowMo":0,"tracesDir":"C:\\Robot_Framework\\Carrinho_Magazineluiza\\results\\browser\\traces\\6a671126-07af-4408-96e9-80f7f1f531f7"}</msg>
<status status="PASS" starttime="20211116 22:01:31.449" endtime="20211116 22:01:34.621"/>
</kw>
<kw name="New Context" library="Browser">
<arg>viewport={'width': 1280, 'height': 768}</arg>
<tag>BrowserControl</tag>
<tag>Setter</tag>
<doc>Create a new BrowserContext with specified options.
See `Browser, Context and Page` for more information about BrowserContext.</doc>
<msg timestamp="20211116 22:01:34.622" level="INFO">{"acceptDownloads": false, "ignoreHTTPSErrors": false, "bypassCSP": false, "viewport": {"width": 1280, "height": 768}, "deviceScaleFactor": 1.0, "isMobile": false, "hasTouch": false, "javaScriptEnabled": true, "offline": false, "hideRfBrowser": false}</msg>
<msg timestamp="20211116 22:01:34.638" level="INFO">Successfully created context. </msg>
<msg timestamp="20211116 22:01:34.638" level="INFO">{'acceptDownloads': False, 'ignoreHTTPSErrors': False, 'bypassCSP': False, 'viewport': {'width': 1280, 'height': 768}, 'deviceScaleFactor': 1, 'isMobile': False, 'hasTouch': False, 'javaScriptEnabled': True, 'offline': False, 'hideRfBrowser': False}</msg>
<msg timestamp="20211116 22:01:34.638" level="INFO">{"acceptDownloads":false,"ignoreHTTPSErrors":false,"bypassCSP":false,"viewport":{"width":1280,"height":768},"deviceScaleFactor":1,"isMobile":false,"hasTouch":false,"javaScriptEnabled":true,"offline":false,"hideRfBrowser":false}</msg>
<status status="PASS" starttime="20211116 22:01:34.622" endtime="20211116 22:01:34.638"/>
</kw>
<kw name="New Page" library="Browser">
<arg>${URL}</arg>
<tag>BrowserControl</tag>
<tag>Setter</tag>
<doc>Open a new Page. A Page is the Playwright equivalent to a tab.
See `Browser, Context and Page` for more information about Page concept.
Returns a stable identifier for the created page.</doc>
<msg timestamp="20211116 22:01:38.733" level="INFO">Successfully initialized new page object and opened url: https://google.com.br/</msg>
<status status="PASS" starttime="20211116 22:01:34.638" endtime="20211116 22:01:38.733"/>
</kw>
<status status="PASS" starttime="20211116 22:01:31.448" endtime="20211116 22:01:38.733"/>
</kw>
<kw name="Product Search Sucess" library="WebApp">
<kw name="Navigate Route" library="LandingPage">
<arg>${URL MGLU}</arg>
<kw name="Go To" library="Browser">
<arg>${ROUTE}</arg>
<tag>BrowserControl</tag>
<tag>Setter</tag>
<doc>Navigates to the given ``url``.</doc>
<msg timestamp="20211116 22:01:45.417" level="INFO">Succesfully opened URL https://www.magazineluiza.com.br/</msg>
<status status="PASS" starttime="20211116 22:01:38.735" endtime="20211116 22:01:45.417"/>
</kw>
<status status="PASS" starttime="20211116 22:01:38.735" endtime="20211116 22:01:45.417"/>
</kw>
<kw name="Search Product" library="Car">
<doc>Fluxo Feliz, partindo da busca do produto, passando pela inserção no carrinho até a página de identificação</doc>
<kw name="Wait For Elements State" library="Browser">
<arg>${page_title}</arg>
<arg>visible</arg>
<arg>10</arg>
<tag>PageContent</tag>
<tag>Wait</tag>
<doc>Waits for the element found by ``selector`` to satisfy state option.</doc>
<msg timestamp="20211116 22:01:45.518" level="INFO">Wait for Element with selector: data-testid=mod-adunit</msg>
<status status="PASS" starttime="20211116 22:01:45.418" endtime="20211116 22:01:45.518"/>
</kw>
<kw name="Enter Value" library="CommonKey">
<arg>${search_input}</arg>
<arg>${search_aux}</arg>
<doc>Keyword Auxiliar Para Auxiliar Nas Operações</doc>
<kw name="Wait For Elements State" library="Browser">
<arg>${input}</arg>
<arg>Visible</arg>
<tag>PageContent</tag>
<tag>Wait</tag>
<doc>Waits for the element found by ``selector`` to satisfy state option.</doc>
<msg timestamp="20211116 22:01:45.575" level="INFO">Wait for Element with selector: data-testid=input-search</msg>
<status status="PASS" starttime="20211116 22:01:45.519" endtime="20211116 22:01:45.575"/>
</kw>
<kw name="Fill Text" library="Browser">
<arg>${input}</arg>
<arg>${value}</arg>
<tag>PageContent</tag>
<tag>Setter</tag>
<doc>Clears and fills the given ``text`` into the text field found by ``selector``.</doc>
<msg timestamp="20211116 22:01:45.575" level="INFO">Fills the text 'Memoria ram ddr4' in the given field.</msg>
<status status="PASS" starttime="20211116 22:01:45.575" endtime="20211116 22:01:45.616"/>
</kw>
<kw name="Keyboard Key" library="Browser">
<arg>press</arg>
<arg>ArrowDown</arg>
<tag>PageContent</tag>
<tag>Setter</tag>
<doc>Press a keyboard key on the virtual keyboard or set a key up or down.</doc>
<status status="PASS" starttime="20211116 22:01:45.616" endtime="20211116 22:01:45.633"/>
</kw>
<kw name="Keyboard Key" library="Browser">
<arg>press</arg>
<arg>Enter</arg>
<tag>PageContent</tag>
<tag>Setter</tag>
<doc>Press a keyboard key on the virtual keyboard or set a key up or down.</doc>
<status status="PASS" starttime="20211116 22:01:45.633" endtime="20211116 22:01:45.976"/>
</kw>
<status status="PASS" starttime="20211116 22:01:45.518" endtime="20211116 22:01:45.976"/>
</kw>
<kw name="Wait For Elements State" library="Browser">
<arg>${search_title}</arg>
<arg>visible</arg>
<arg>10</arg>
<tag>PageContent</tag>
<tag>Wait</tag>
<doc>Waits for the element found by ``selector`` to satisfy state option.</doc>
<msg timestamp="20211116 22:01:46.258" level="INFO">Wait for Element with selector: data-testid=mod-o</msg>
<status status="PASS" starttime="20211116 22:01:45.976" endtime="20211116 22:01:46.259"/>
</kw>
<kw name="Get Text" library="Browser">
<arg>${search_title}</arg>
<arg>contains</arg>
<arg>${search_aux}</arg>
<tag>Assertion</tag>
<tag>Getter</tag>
<tag>PageContent</tag>
<doc>Returns text attribute of the element found by ``selector``.
See the `Finding elements` section for details about the selectors.</doc>
<status status="PASS" starttime="20211116 22:01:46.259" endtime="20211116 22:01:48.997"/>
</kw>
<kw name="Click" library="Browser">
<arg>${product_button}</arg>
<tag>PageContent</tag>
<tag>Setter</tag>
<doc>Simulates mouse click on the element found by ``selector``.</doc>
<status status="PASS" starttime="20211116 22:01:48.997" endtime="20211116 22:01:50.356"/>
</kw>
<kw name="Get Text" library="Browser">
<arg>${product_title}</arg>
<arg>contains</arg>
<arg>${product_aux}</arg>
<tag>Assertion</tag>
<tag>Getter</tag>
<tag>PageContent</tag>
<doc>Returns text attribute of the element found by ``selector``.
See the `Finding elements` section for details about the selectors.</doc>
<status status="PASS" starttime="20211116 22:01:50.356" endtime="20211116 22:01:51.159"/>
</kw>
<kw name="Wait For Elements State" library="Browser">
<arg>${cart_button}</arg>
<arg>visible</arg>
<arg>10</arg>
<tag>PageContent</tag>
<tag>Wait</tag>
<doc>Waits for the element found by ``selector`` to satisfy state option.</doc>
<msg timestamp="20211116 22:01:51.488" level="INFO">Wait for Element with selector: css=button[class='button__buy button__buy-product-detail js-add-cart-button js-main-add-cart-button js-add-box-prime']</msg>
<status status="PASS" starttime="20211116 22:01:51.159" endtime="20211116 22:01:51.489"/>
</kw>
<kw name="Click" library="Browser">
<arg>${cart_button}</arg>
<tag>PageContent</tag>
<tag>Setter</tag>
<doc>Simulates mouse click on the element found by ``selector``.</doc>
<status status="PASS" starttime="20211116 22:01:51.489" endtime="20211116 22:01:52.434"/>
</kw>
<kw name="Get Text" library="Browser">
<arg>${cart_title}</arg>
<arg>contains</arg>
<arg>${cart_aux}</arg>
<tag>Assertion</tag>
<tag>Getter</tag>
<tag>PageContent</tag>
<doc>Returns text attribute of the element found by ``selector``.
See the `Finding elements` section for details about the selectors.</doc>
<status status="PASS" starttime="20211116 22:01:52.434" endtime="20211116 22:01:54.312"/>
</kw>
<kw name="Wait For Elements State" library="Browser">
<arg>${continue_button}</arg>
<arg>visible</arg>
<arg>10</arg>
<tag>PageContent</tag>
<tag>Wait</tag>
<doc>Waits for the element found by ``selector`` to satisfy state option.</doc>
<msg timestamp="20211116 22:01:54.773" level="INFO">Wait for Element with selector: css=button[data-ga='{"category": "Carrinho", "action": "Continuar", "label": ""}']</msg>
<status status="PASS" starttime="20211116 22:01:54.312" endtime="20211116 22:01:54.773"/>
</kw>
<kw name="Click" library="Browser">
<arg>${continue_button}</arg>
<tag>PageContent</tag>
<tag>Setter</tag>
<doc>Simulates mouse click on the element found by ``selector``.</doc>
<status status="PASS" starttime="20211116 22:01:54.773" endtime="20211116 22:01:55.544"/>
</kw>
<kw name="Get Text" library="Browser">
<arg>${identification_title}</arg>
<arg>contains</arg>
<arg>${identification_aux}</arg>
<tag>Assertion</tag>
<tag>Getter</tag>
<tag>PageContent</tag>
<doc>Returns text attribute of the element found by ``selector``.
See the `Finding elements` section for details about the selectors.</doc>
<status status="PASS" starttime="20211116 22:01:55.544" endtime="20211116 22:01:55.795"/>
</kw>
<kw name="Take Screenshot" library="Browser">
<tag>PageContent</tag>
<doc>Takes a screenshot of the current window and saves it.</doc>
<msg timestamp="20211116 22:01:55.870" level="INFO" html="true">&lt;/td&gt;&lt;/tr&gt;&lt;tr&gt;&lt;td colspan="3"&gt;&lt;a href="browser/screenshot/robotframework-browser-screenshot-1.png"&gt;&lt;img src="browser/screenshot/robotframework-browser-screenshot-1.png" width="800px"&gt;&lt;/a&gt;</msg>
<status status="PASS" starttime="20211116 22:01:55.795" endtime="20211116 22:01:55.870"/>
</kw>
<status status="PASS" starttime="20211116 22:01:45.417" endtime="20211116 22:01:55.871"/>
</kw>
<status status="PASS" starttime="20211116 22:01:38.734" endtime="20211116 22:01:55.871"/>
</kw>
<status status="PASS" starttime="20211116 22:01:31.445" endtime="20211116 22:01:55.872"/>
</test>
<status status="PASS" starttime="20211116 22:01:30.321" endtime="20211116 22:01:55.962"/>
</suite>
<statistics>
<total>
<stat pass="1" fail="0" skip="0">All Tests</stat>
</total>
<tag>
</tag>
<suite>
<stat pass="1" fail="0" skip="0" id="s1" name="Web">Web</stat>
</suite>
</statistics>
<errors>
</errors>
</robot>
