<?xml version="1.0" encoding="UTF-8"?>
<robot generator="Robot 4.0.3 (Python 3.9.5 on win32)" generated="20211116 21:40:23.306" rpa="false" schemaversion="2">
<suite id="s1" name="Web" source="C:\Robot_Framework\Carrinho_Magazineluiza\tests\Web.robot">
<test id="s1-t1" name="Search">
<kw name="Begin Web Test" library="Common" type="SETUP">
<kw name="New Browser" library="Browser">
<arg>${BROWSER_FIREFOX}</arg>
<arg>headless=false</arg>
<tag>BrowserControl</tag>
<tag>Setter</tag>
<doc>Create a new playwright Browser with specified options.
See `Browser, Context and Page` for more information about Browser and related concepts.</doc>
<msg timestamp="20211116 21:40:24.474" level="INFO">{"browser": "firefox", "headless": false, "handleSIGINT": true, "handleSIGTERM": true, "handleSIGHUP": true, "timeout": 30000.0, "devtools": false, "slowMo": 0.0, "tracesDir": "C:\\Robot_Framework\\Carrinho_Magazineluiza\\results\\browser\\traces\\277983d0-1e54-4b95-85a2-bdf226a01231"}</msg>
<msg timestamp="20211116 21:40:27.728" level="INFO">Successfully created browser with options: {"browser":"firefox","headless":false,"handleSIGINT":true,"handleSIGTERM":true,"handleSIGHUP":true,"timeout":30000,"devtools":false,"slowMo":0,"tracesDir":"C:\\Robot_Framework\\Carrinho_Magazineluiza\\results\\browser\\traces\\277983d0-1e54-4b95-85a2-bdf226a01231"}</msg>
<status status="PASS" starttime="20211116 21:40:24.473" endtime="20211116 21:40:27.728"/>
</kw>
<kw name="New Context" library="Browser">
<arg>viewport={'width': 1280, 'height': 768}</arg>
<tag>BrowserControl</tag>
<tag>Setter</tag>
<doc>Create a new BrowserContext with specified options.
See `Browser, Context and Page` for more information about BrowserContext.</doc>
<msg timestamp="20211116 21:40:27.729" level="INFO">{"acceptDownloads": false, "ignoreHTTPSErrors": false, "bypassCSP": false, "viewport": {"height": 768, "width": 1280}, "deviceScaleFactor": 1.0, "isMobile": false, "hasTouch": false, "javaScriptEnabled": true, "offline": false, "hideRfBrowser": false}</msg>
<msg timestamp="20211116 21:40:27.738" level="INFO">Successfully created context. </msg>
<msg timestamp="20211116 21:40:27.738" level="INFO">{'acceptDownloads': False, 'ignoreHTTPSErrors': False, 'bypassCSP': False, 'viewport': {'height': 768, 'width': 1280}, 'deviceScaleFactor': 1, 'isMobile': False, 'hasTouch': False, 'javaScriptEnabled': True, 'offline': False, 'hideRfBrowser': False}</msg>
<msg timestamp="20211116 21:40:27.739" level="INFO">{"acceptDownloads":false,"ignoreHTTPSErrors":false,"bypassCSP":false,"viewport":{"height":768,"width":1280},"deviceScaleFactor":1,"isMobile":false,"hasTouch":false,"javaScriptEnabled":true,"offline":false,"hideRfBrowser":false}</msg>
<status status="PASS" starttime="20211116 21:40:27.729" endtime="20211116 21:40:27.739"/>
</kw>
<kw name="New Page" library="Browser">
<arg>${URL}</arg>
<tag>BrowserControl</tag>
<tag>Setter</tag>
<doc>Open a new Page. A Page is the Playwright equivalent to a tab.
See `Browser, Context and Page` for more information about Page concept.
Returns a stable identifier for the created page.</doc>
<msg timestamp="20211116 21:40:31.910" level="INFO">Successfully initialized new page object and opened url: https://google.com.br/</msg>
<status status="PASS" starttime="20211116 21:40:27.739" endtime="20211116 21:40:31.910"/>
</kw>
<status status="PASS" starttime="20211116 21:40:24.473" endtime="20211116 21:40:31.911"/>
</kw>
<kw name="Product Search Sucess" library="WebApp">
<kw name="Navigate Route" library="LandingPage">
<arg>${URL MGLU}</arg>
<kw name="Go To" library="Browser">
<arg>${ROUTE}</arg>
<tag>BrowserControl</tag>
<tag>Setter</tag>
<doc>Navigates to the given ``url``.</doc>
<msg timestamp="20211116 21:40:38.428" level="INFO">Succesfully opened URL https://www.magazineluiza.com.br/</msg>
<status status="PASS" starttime="20211116 21:40:31.912" endtime="20211116 21:40:38.429"/>
</kw>
<status status="PASS" starttime="20211116 21:40:31.912" endtime="20211116 21:40:38.429"/>
</kw>
<kw name="Search Product" library="Car">
<doc>Fluxo Feliz, partindo da busca do produto, passando pela inserção no carrinho até a página de identificação</doc>
<kw name="Wait For Elements State" library="Browser">
<arg>${page_title}</arg>
<arg>visible</arg>
<arg>10</arg>
<tag>PageContent</tag>
<tag>Wait</tag>
<doc>Waits for the element found by ``selector`` to satisfy state option.</doc>
<msg timestamp="20211116 21:40:38.566" level="INFO">Wait for Element with selector: data-testid=mod-adunit</msg>
<status status="PASS" starttime="20211116 21:40:38.430" endtime="20211116 21:40:38.567"/>
</kw>
<kw name="Enter Value" library="CommonKey">
<arg>${search_input}</arg>
<arg>${search_aux}</arg>
<doc>Keyword Auxiliar Para Auxiliar Nas Operações</doc>
<kw name="Wait For Elements State" library="Browser">
<arg>${input}</arg>
<arg>Visible</arg>
<tag>PageContent</tag>
<tag>Wait</tag>
<doc>Waits for the element found by ``selector`` to satisfy state option.</doc>
<msg timestamp="20211116 21:40:38.605" level="INFO">Wait for Element with selector: data-testid=input-search</msg>
<status status="PASS" starttime="20211116 21:40:38.568" endtime="20211116 21:40:38.605"/>
</kw>
<kw name="Fill Text" library="Browser">
<arg>${input}</arg>
<arg>${value}</arg>
<tag>PageContent</tag>
<tag>Setter</tag>
<doc>Clears and fills the given ``text`` into the text field found by ``selector``.</doc>
<msg timestamp="20211116 21:40:38.605" level="INFO">Fills the text 'Memoria ram ddr4' in the given field.</msg>
<status status="PASS" starttime="20211116 21:40:38.605" endtime="20211116 21:40:38.648"/>
</kw>
<kw name="Keyboard Key" library="Browser">
<arg>press</arg>
<arg>ArrowDown</arg>
<tag>PageContent</tag>
<tag>Setter</tag>
<doc>Press a keyboard key on the virtual keyboard or set a key up or down.</doc>
<status status="PASS" starttime="20211116 21:40:38.649" endtime="20211116 21:40:38.660"/>
</kw>
<kw name="Keyboard Key" library="Browser">
<arg>press</arg>
<arg>Enter</arg>
<tag>PageContent</tag>
<tag>Setter</tag>
<doc>Press a keyboard key on the virtual keyboard or set a key up or down.</doc>
<status status="PASS" starttime="20211116 21:40:38.660" endtime="20211116 21:40:38.951"/>
</kw>
<status status="PASS" starttime="20211116 21:40:38.567" endtime="20211116 21:40:38.951"/>
</kw>
<kw name="Wait For Elements State" library="Browser">
<arg>${search_title}</arg>
<arg>visible</arg>
<arg>10</arg>
<tag>PageContent</tag>
<tag>Wait</tag>
<doc>Waits for the element found by ``selector`` to satisfy state option.</doc>
<msg timestamp="20211116 21:40:39.185" level="INFO">Wait for Element with selector: data-testid=mod-o</msg>
<status status="PASS" starttime="20211116 21:40:38.951" endtime="20211116 21:40:39.185"/>
</kw>
<kw name="Get Text" library="Browser">
<arg>${search_title}</arg>
<arg>contains</arg>
<arg>${search_aux}</arg>
<tag>Assertion</tag>
<tag>Getter</tag>
<tag>PageContent</tag>
<doc>Returns text attribute of the element found by ``selector``.
See the `Finding elements` section for details about the selectors.</doc>
<status status="PASS" starttime="20211116 21:40:39.185" endtime="20211116 21:40:41.836"/>
</kw>
<kw name="Click" library="Browser">
<arg>${product_button}</arg>
<tag>PageContent</tag>
<tag>Setter</tag>
<doc>Simulates mouse click on the element found by ``selector``.</doc>
<status status="PASS" starttime="20211116 21:40:41.836" endtime="20211116 21:40:42.595"/>
</kw>
<kw name="Get Text" library="Browser">
<arg>${product_title}</arg>
<arg>contains</arg>
<arg>${product_aux}</arg>
<tag>Assertion</tag>
<tag>Getter</tag>
<tag>PageContent</tag>
<doc>Returns text attribute of the element found by ``selector``.
See the `Finding elements` section for details about the selectors.</doc>
<status status="PASS" starttime="20211116 21:40:42.595" endtime="20211116 21:40:43.579"/>
</kw>
<kw name="Click" library="Browser">
<arg>${cart_button}</arg>
<tag>PageContent</tag>
<tag>Setter</tag>
<doc>Simulates mouse click on the element found by ``selector``.</doc>
<status status="PASS" starttime="20211116 21:40:43.579" endtime="20211116 21:40:43.968"/>
</kw>
<kw name="Get Text" library="Browser">
<arg>${cart_title}</arg>
<arg>contains</arg>
<arg>${cart_aux}</arg>
<tag>Assertion</tag>
<tag>Getter</tag>
<tag>PageContent</tag>
<doc>Returns text attribute of the element found by ``selector``.
See the `Finding elements` section for details about the selectors.</doc>
<status status="PASS" starttime="20211116 21:40:43.968" endtime="20211116 21:40:52.284"/>
</kw>
<kw name="Wait For Elements State" library="Browser">
<arg>${continue_button}</arg>
<arg>visible</arg>
<arg>10</arg>
<tag>PageContent</tag>
<tag>Wait</tag>
<doc>Waits for the element found by ``selector`` to satisfy state option.</doc>
<msg timestamp="20211116 21:40:53.350" level="INFO">Wait for Element with selector: xpath=//*[@data-ga='{"category": "Carrinho", "action": "Continuar", "label": ""}']</msg>
<status status="PASS" starttime="20211116 21:40:52.284" endtime="20211116 21:40:53.350"/>
</kw>
<kw name="Click" library="Browser">
<arg>${continue_button}</arg>
<tag>PageContent</tag>
<tag>Setter</tag>
<doc>Simulates mouse click on the element found by ``selector``.</doc>
<status status="PASS" starttime="20211116 21:40:53.350" endtime="20211116 21:40:54.108"/>
</kw>
<kw name="Get Text" library="Browser">
<arg>${identification_title}</arg>
<arg>contains</arg>
<arg>${identification_aux}</arg>
<tag>Assertion</tag>
<tag>Getter</tag>
<tag>PageContent</tag>
<doc>Returns text attribute of the element found by ``selector``.
See the `Finding elements` section for details about the selectors.</doc>
<status status="PASS" starttime="20211116 21:40:54.108" endtime="20211116 21:40:54.323"/>
</kw>
<status status="PASS" starttime="20211116 21:40:38.429" endtime="20211116 21:40:54.323"/>
</kw>
<status status="PASS" starttime="20211116 21:40:31.911" endtime="20211116 21:40:54.323"/>
</kw>
<status status="PASS" starttime="20211116 21:40:24.470" endtime="20211116 21:40:54.324"/>
</test>
<status status="PASS" starttime="20211116 21:40:23.308" endtime="20211116 21:40:54.430"/>
</suite>
<statistics>
<total>
<stat pass="1" fail="0" skip="0">All Tests</stat>
</total>
<tag>
</tag>
<suite>
<stat pass="1" fail="0" skip="0" id="s1" name="Web">Web</stat>
</suite>
</statistics>
<errors>
</errors>
</robot>
