<?xml version="1.0" encoding="UTF-8"?>
<robot generator="Robot 4.0.3 (Python 3.9.5 on win32)" generated="20211116 21:50:58.304" rpa="false" schemaversion="2">
<suite id="s1" name="Web" source="C:\Robot_Framework\Carrinho_Magazineluiza\tests\Web.robot">
<test id="s1-t1" name="Search">
<kw name="Begin Web Test" library="Common" type="SETUP">
<kw name="New Browser" library="Browser">
<arg>${BROWSER_FIREFOX}</arg>
<arg>headless=false</arg>
<tag>BrowserControl</tag>
<tag>Setter</tag>
<doc>Create a new playwright Browser with specified options.
See `Browser, Context and Page` for more information about Browser and related concepts.</doc>
<msg timestamp="20211116 21:50:59.453" level="INFO">{"browser": "firefox", "headless": false, "handleSIGINT": true, "handleSIGTERM": true, "handleSIGHUP": true, "timeout": 30000.0, "devtools": false, "slowMo": 0.0, "tracesDir": "C:\\Robot_Framework\\Carrinho_Magazineluiza\\results\\browser\\traces\\aca6d6ee-936e-4dc8-b261-e53042348eab"}</msg>
<msg timestamp="20211116 21:51:02.911" level="INFO">Successfully created browser with options: {"browser":"firefox","headless":false,"handleSIGINT":true,"handleSIGTERM":true,"handleSIGHUP":true,"timeout":30000,"devtools":false,"slowMo":0,"tracesDir":"C:\\Robot_Framework\\Carrinho_Magazineluiza\\results\\browser\\traces\\aca6d6ee-936e-4dc8-b261-e53042348eab"}</msg>
<status status="PASS" starttime="20211116 21:50:59.452" endtime="20211116 21:51:02.911"/>
</kw>
<kw name="New Context" library="Browser">
<arg>viewport={'width': 1280, 'height': 768}</arg>
<tag>BrowserControl</tag>
<tag>Setter</tag>
<doc>Create a new BrowserContext with specified options.
See `Browser, Context and Page` for more information about BrowserContext.</doc>
<msg timestamp="20211116 21:51:02.913" level="INFO">{"acceptDownloads": false, "ignoreHTTPSErrors": false, "bypassCSP": false, "viewport": {"height": 768, "width": 1280}, "deviceScaleFactor": 1.0, "isMobile": false, "hasTouch": false, "javaScriptEnabled": true, "offline": false, "hideRfBrowser": false}</msg>
<msg timestamp="20211116 21:51:02.927" level="INFO">Successfully created context. </msg>
<msg timestamp="20211116 21:51:02.927" level="INFO">{'acceptDownloads': False, 'ignoreHTTPSErrors': False, 'bypassCSP': False, 'viewport': {'height': 768, 'width': 1280}, 'deviceScaleFactor': 1, 'isMobile': False, 'hasTouch': False, 'javaScriptEnabled': True, 'offline': False, 'hideRfBrowser': False}</msg>
<msg timestamp="20211116 21:51:02.927" level="INFO">{"acceptDownloads":false,"ignoreHTTPSErrors":false,"bypassCSP":false,"viewport":{"height":768,"width":1280},"deviceScaleFactor":1,"isMobile":false,"hasTouch":false,"javaScriptEnabled":true,"offline":false,"hideRfBrowser":false}</msg>
<status status="PASS" starttime="20211116 21:51:02.912" endtime="20211116 21:51:02.927"/>
</kw>
<kw name="New Page" library="Browser">
<arg>${URL}</arg>
<tag>BrowserControl</tag>
<tag>Setter</tag>
<doc>Open a new Page. A Page is the Playwright equivalent to a tab.
See `Browser, Context and Page` for more information about Page concept.
Returns a stable identifier for the created page.</doc>
<msg timestamp="20211116 21:51:06.883" level="INFO">Successfully initialized new page object and opened url: https://google.com.br/</msg>
<status status="PASS" starttime="20211116 21:51:02.927" endtime="20211116 21:51:06.884"/>
</kw>
<status status="PASS" starttime="20211116 21:50:59.451" endtime="20211116 21:51:06.884"/>
</kw>
<kw name="Product Search Sucess" library="WebApp">
<kw name="Navigate Route" library="LandingPage">
<arg>${URL MGLU}</arg>
<kw name="Go To" library="Browser">
<arg>${ROUTE}</arg>
<tag>BrowserControl</tag>
<tag>Setter</tag>
<doc>Navigates to the given ``url``.</doc>
<msg timestamp="20211116 21:51:13.402" level="INFO">Succesfully opened URL https://www.magazineluiza.com.br/</msg>
<status status="PASS" starttime="20211116 21:51:06.886" endtime="20211116 21:51:13.402"/>
</kw>
<status status="PASS" starttime="20211116 21:51:06.885" endtime="20211116 21:51:13.402"/>
</kw>
<kw name="Search Product" library="Car">
<doc>Fluxo Feliz, partindo da busca do produto, passando pela inserção no carrinho até a página de identificação</doc>
<kw name="Wait For Elements State" library="Browser">
<arg>${page_title}</arg>
<arg>visible</arg>
<arg>10</arg>
<tag>PageContent</tag>
<tag>Wait</tag>
<doc>Waits for the element found by ``selector`` to satisfy state option.</doc>
<msg timestamp="20211116 21:51:13.551" level="INFO">Wait for Element with selector: data-testid=mod-adunit</msg>
<status status="PASS" starttime="20211116 21:51:13.403" endtime="20211116 21:51:13.551"/>
</kw>
<kw name="Enter Value" library="CommonKey">
<arg>${search_input}</arg>
<arg>${search_aux}</arg>
<doc>Keyword Auxiliar Para Auxiliar Nas Operações</doc>
<kw name="Wait For Elements State" library="Browser">
<arg>${input}</arg>
<arg>Visible</arg>
<tag>PageContent</tag>
<tag>Wait</tag>
<doc>Waits for the element found by ``selector`` to satisfy state option.</doc>
<msg timestamp="20211116 21:51:13.594" level="INFO">Wait for Element with selector: data-testid=input-search</msg>
<status status="PASS" starttime="20211116 21:51:13.552" endtime="20211116 21:51:13.595"/>
</kw>
<kw name="Fill Text" library="Browser">
<arg>${input}</arg>
<arg>${value}</arg>
<tag>PageContent</tag>
<tag>Setter</tag>
<doc>Clears and fills the given ``text`` into the text field found by ``selector``.</doc>
<msg timestamp="20211116 21:51:13.595" level="INFO">Fills the text 'Memoria ram ddr4' in the given field.</msg>
<status status="PASS" starttime="20211116 21:51:13.595" endtime="20211116 21:51:13.665"/>
</kw>
<kw name="Keyboard Key" library="Browser">
<arg>press</arg>
<arg>ArrowDown</arg>
<tag>PageContent</tag>
<tag>Setter</tag>
<doc>Press a keyboard key on the virtual keyboard or set a key up or down.</doc>
<status status="PASS" starttime="20211116 21:51:13.665" endtime="20211116 21:51:13.684"/>
</kw>
<kw name="Keyboard Key" library="Browser">
<arg>press</arg>
<arg>Enter</arg>
<tag>PageContent</tag>
<tag>Setter</tag>
<doc>Press a keyboard key on the virtual keyboard or set a key up or down.</doc>
<status status="PASS" starttime="20211116 21:51:13.685" endtime="20211116 21:51:14.020"/>
</kw>
<status status="PASS" starttime="20211116 21:51:13.551" endtime="20211116 21:51:14.020"/>
</kw>
<kw name="Wait For Elements State" library="Browser">
<arg>${search_title}</arg>
<arg>visible</arg>
<arg>10</arg>
<tag>PageContent</tag>
<tag>Wait</tag>
<doc>Waits for the element found by ``selector`` to satisfy state option.</doc>
<msg timestamp="20211116 21:51:14.286" level="INFO">Wait for Element with selector: data-testid=mod-o</msg>
<status status="PASS" starttime="20211116 21:51:14.020" endtime="20211116 21:51:14.286"/>
</kw>
<kw name="Get Text" library="Browser">
<arg>${search_title}</arg>
<arg>contains</arg>
<arg>${search_aux}</arg>
<tag>Assertion</tag>
<tag>Getter</tag>
<tag>PageContent</tag>
<doc>Returns text attribute of the element found by ``selector``.
See the `Finding elements` section for details about the selectors.</doc>
<status status="PASS" starttime="20211116 21:51:14.287" endtime="20211116 21:51:17.077"/>
</kw>
<kw name="Click" library="Browser">
<arg>${product_button}</arg>
<tag>PageContent</tag>
<tag>Setter</tag>
<doc>Simulates mouse click on the element found by ``selector``.</doc>
<status status="PASS" starttime="20211116 21:51:17.077" endtime="20211116 21:51:18.095"/>
</kw>
<kw name="Get Text" library="Browser">
<arg>${product_title}</arg>
<arg>contains</arg>
<arg>${product_aux}</arg>
<tag>Assertion</tag>
<tag>Getter</tag>
<tag>PageContent</tag>
<doc>Returns text attribute of the element found by ``selector``.
See the `Finding elements` section for details about the selectors.</doc>
<status status="PASS" starttime="20211116 21:51:18.095" endtime="20211116 21:51:19.064"/>
</kw>
<kw name="Click" library="Browser">
<arg>${cart_button}</arg>
<tag>PageContent</tag>
<tag>Setter</tag>
<doc>Simulates mouse click on the element found by ``selector``.</doc>
<status status="PASS" starttime="20211116 21:51:19.065" endtime="20211116 21:51:20.172"/>
</kw>
<kw name="Get Text" library="Browser">
<arg>${cart_title}</arg>
<arg>contains</arg>
<arg>${cart_aux}</arg>
<tag>Assertion</tag>
<tag>Getter</tag>
<tag>PageContent</tag>
<doc>Returns text attribute of the element found by ``selector``.
See the `Finding elements` section for details about the selectors.</doc>
<status status="PASS" starttime="20211116 21:51:20.173" endtime="20211116 21:51:22.233"/>
</kw>
<kw name="Wait For Elements State" library="Browser">
<arg>${continue_button}</arg>
<arg>visible</arg>
<arg>10</arg>
<tag>PageContent</tag>
<tag>Wait</tag>
<doc>Waits for the element found by ``selector`` to satisfy state option.</doc>
<msg timestamp="20211116 21:51:22.690" level="INFO">Wait for Element with selector: css=button[data-ga='{"category": "Carrinho", "action": "Continuar", "label": ""}']</msg>
<status status="PASS" starttime="20211116 21:51:22.233" endtime="20211116 21:51:22.691"/>
</kw>
<kw name="Click" library="Browser">
<arg>${continue_button}</arg>
<tag>PageContent</tag>
<tag>Setter</tag>
<doc>Simulates mouse click on the element found by ``selector``.</doc>
<status status="PASS" starttime="20211116 21:51:22.691" endtime="20211116 21:51:23.213"/>
</kw>
<kw name="Get Text" library="Browser">
<arg>${identification_title}</arg>
<arg>contains</arg>
<arg>${identification_aux}</arg>
<tag>Assertion</tag>
<tag>Getter</tag>
<tag>PageContent</tag>
<doc>Returns text attribute of the element found by ``selector``.
See the `Finding elements` section for details about the selectors.</doc>
<status status="PASS" starttime="20211116 21:51:23.214" endtime="20211116 21:51:23.438"/>
</kw>
<status status="PASS" starttime="20211116 21:51:13.402" endtime="20211116 21:51:23.439"/>
</kw>
<status status="PASS" starttime="20211116 21:51:06.885" endtime="20211116 21:51:23.439"/>
</kw>
<status status="PASS" starttime="20211116 21:50:59.448" endtime="20211116 21:51:23.439"/>
</test>
<status status="PASS" starttime="20211116 21:50:58.306" endtime="20211116 21:51:23.548"/>
</suite>
<statistics>
<total>
<stat pass="1" fail="0" skip="0">All Tests</stat>
</total>
<tag>
</tag>
<suite>
<stat pass="1" fail="0" skip="0" id="s1" name="Web">Web</stat>
</suite>
</statistics>
<errors>
</errors>
</robot>
